<?xml version="1.0" encoding="UTF-8"?>
<!-- Generated by org.testng.reporters.JUnitXMLReporter -->
<testsuite hostname="LAPTOP-9C2EJI3D" failures="0" tests="3" name="Default test" time="24.018" errors="0" timestamp="6 Feb 2024 15:28:27 GMT">
  <testcase classname="Extract.CellPhoneTest" name="product3" time="5.863"/>
  <testcase classname="Extract.CellPhoneTest" name="product2" time="6.086"/>
  <testcase classname="Extract.CellPhoneTest" name="product1" time="6.514"/>
</testsuite> <!-- Default test -->
