<?xml version="1.0" encoding="UTF-8"?>
<testng-results total="3" passed="3" failed="0" skipped="0">
  <reporter-output>
  </reporter-output>
  <suite started-at="2024-02-06T15:15:17Z" name="Surefire suite" finished-at="2024-02-06T15:15:44Z" duration-ms="26264">
    <groups>
    </groups>
    <test started-at="2024-02-06T15:15:17Z" name="Surefire test" finished-at="2024-02-06T15:15:44Z" duration-ms="26264">
      <class name="Extract.CellPhoneTest">
        <test-method is-config="true" signature="setup()[pri:0, instance:Extract.CellPhoneTest@314c508a]" started-at="2024-02-06T20:45:17Z" name="setup" finished-at="2024-02-06T20:45:24Z" duration-ms="6326" status="PASS">
          <reporter-output>
          </reporter-output>
        </test-method> <!-- setup -->
        <test-method signature="product3()[pri:1, instance:Extract.CellPhoneTest@314c508a]" started-at="2024-02-06T20:45:24Z" name="product3" finished-at="2024-02-06T20:45:31Z" duration-ms="7773" status="PASS">
          <reporter-output>
          </reporter-output>
        </test-method> <!-- product3 -->
        <test-method signature="product2()[pri:2, instance:Extract.CellPhoneTest@314c508a]" started-at="2024-02-06T20:45:31Z" name="product2" finished-at="2024-02-06T20:45:38Z" duration-ms="6279" status="PASS">
          <reporter-output>
          </reporter-output>
        </test-method> <!-- product2 -->
        <test-method signature="product1()[pri:3, instance:Extract.CellPhoneTest@314c508a]" started-at="2024-02-06T20:45:38Z" name="product1" finished-at="2024-02-06T20:45:43Z" duration-ms="5200" status="PASS">
          <reporter-output>
          </reporter-output>
        </test-method> <!-- product1 -->
        <test-method is-config="true" signature="teradown()[pri:0, instance:Extract.CellPhoneTest@314c508a]" started-at="2024-02-06T20:45:43Z" name="teradown" finished-at="2024-02-06T20:45:44Z" duration-ms="657" status="PASS">
          <reporter-output>
          </reporter-output>
        </test-method> <!-- teradown -->
      </class> <!-- Extract.CellPhoneTest -->
    </test> <!-- Surefire test -->
  </suite> <!-- Surefire suite -->
</testng-results>
