<?xml version="1.0" encoding="UTF-8"?>
<testng-results total="3" passed="3" failed="0" skipped="0">
  <reporter-output>
  </reporter-output>
  <suite started-at="2024-02-06T15:28:02Z" name="Default suite" finished-at="2024-02-06T15:28:27Z" duration-ms="24018">
    <groups>
    </groups>
    <test started-at="2024-02-06T15:28:02Z" name="Default test" finished-at="2024-02-06T15:28:27Z" duration-ms="24018">
      <class name="Extract.CellPhoneTest">
        <test-method is-config="true" signature="setup()[pri:0, instance:Extract.CellPhoneTest@60129b9a]" started-at="2024-02-06T20:58:02Z" name="setup" finished-at="2024-02-06T20:58:08Z" duration-ms="5295" status="PASS">
          <reporter-output>
          </reporter-output>
        </test-method> <!-- setup -->
        <test-method signature="product3()[pri:1, instance:Extract.CellPhoneTest@60129b9a]" started-at="2024-02-06T20:58:08Z" name="product3" finished-at="2024-02-06T20:58:14Z" duration-ms="5863" status="PASS">
          <reporter-output>
          </reporter-output>
        </test-method> <!-- product3 -->
        <test-method signature="product2()[pri:2, instance:Extract.CellPhoneTest@60129b9a]" started-at="2024-02-06T20:58:14Z" name="product2" finished-at="2024-02-06T20:58:20Z" duration-ms="6086" status="PASS">
          <reporter-output>
          </reporter-output>
        </test-method> <!-- product2 -->
        <test-method signature="product1()[pri:3, instance:Extract.CellPhoneTest@60129b9a]" started-at="2024-02-06T20:58:20Z" name="product1" finished-at="2024-02-06T20:58:26Z" duration-ms="6514" status="PASS">
          <reporter-output>
          </reporter-output>
        </test-method> <!-- product1 -->
        <test-method is-config="true" signature="teradown()[pri:0, instance:Extract.CellPhoneTest@60129b9a]" started-at="2024-02-06T20:58:26Z" name="teradown" finished-at="2024-02-06T20:58:27Z" duration-ms="225" status="PASS">
          <reporter-output>
          </reporter-output>
        </test-method> <!-- teradown -->
      </class> <!-- Extract.CellPhoneTest -->
    </test> <!-- Default test -->
  </suite> <!-- Default suite -->
</testng-results>
